<?xml version="1.0" encoding="UTF-8"?>
<!-- Generated by org.testng.reporters.JUnitReportReporter -->
<testsuite skipped="0" hostname="DESKTOP-0LA5ULN" name="com.qa.hubspot.tests.LoginPageTest" tests="3" failures="0" timestamp="10 Jun 2020 09:30:26 GMT" time="11.249" errors="0">
  <testcase name="verifySignUpLinkTest" time="5.666" classname="com.qa.hubspot.tests.LoginPageTest"/>
  <testcase name="verifyLoginPageTitleTest" time="0.064" classname="com.qa.hubspot.tests.LoginPageTest"/>
  <testcase name="loginTest" time="5.519" classname="com.qa.hubspot.tests.LoginPageTest"/>
</testsuite> <!-- com.qa.hubspot.tests.LoginPageTest -->
