<?xml version="1.0" encoding="UTF-8"?>
<!-- Generated by org.testng.reporters.JUnitReportReporter -->
<testsuite skipped="0" hostname="DESKTOP-0LA5ULN" name="com.qa.hubspot.tests.LoginPageTest" tests="3" failures="0" timestamp="10 Jun 2020 10:44:01 GMT" time="6.363" errors="0">
  <testcase name="verifySignUpLinkTest" time="5.127" classname="com.qa.hubspot.tests.LoginPageTest"/>
  <testcase name="verifyLoginPageTitleTest" time="0.150" classname="com.qa.hubspot.tests.LoginPageTest"/>
  <testcase name="loginTest" time="1.086" classname="com.qa.hubspot.tests.LoginPageTest"/>
</testsuite> <!-- com.qa.hubspot.tests.LoginPageTest -->
